<?xml version="1.0" encoding="UTF-8"?>
<!-- Generated by org.testng.reporters.JUnitReportReporter -->
<testsuite hostname="IT-TESTER" failures="0" tests="1" name="LineBalancing.inputPageTest" time="3.692" errors="0" timestamp="2023-12-20T16:29:53 ICT" skipped="0">
  <testcase classname="LineBalancing.inputPageTest" name="selectFactory" time="3.692"/>
  <system-out/>
</testsuite> <!-- LineBalancing.inputPageTest -->
