<?xml version="1.0" encoding="UTF-8"?>
<!-- Generated by org.testng.reporters.JUnitReportReporter -->
<testsuite hostname="IT-TESTER" failures="0" tests="1" name="A1A.Test1" time="3.912" errors="0" timestamp="2023-10-23T16:29:41 ICT" skipped="0">
  <testcase classname="A1A.Test1" name="f" time="3.912"/>
  <system-out/>
</testsuite> <!-- A1A.Test1 -->
