<?xml version="1.0" encoding="UTF-8"?>
<!-- Generated by org.testng.reporters.JUnitReportReporter -->
<testsuite hostname="IT-TESTER" failures="0" tests="1" name="NewTest" time="0.005" errors="0" timestamp="2023-10-23T15:30:16 ICT" skipped="0">
  <testcase classname="NewTest" name="f" time="0.005"/>
  <system-out/>
</testsuite> <!-- NewTest -->
