<?xml version="1.0" encoding="UTF-8"?>
<!-- Generated by org.testng.reporters.JUnitReportReporter -->
<testsuite hostname="IT-TESTER" failures="0" tests="2" name="HRMS.BaseTest" time="4.829" errors="0" timestamp="2024-03-02T09:16:30 ICT" skipped="0">
  <testcase classname="HRMS.BaseTest" name="verifyLoginFailed" time="2.164"/>
  <system-out/>
  <testcase classname="HRMS.BaseTest" name="verifyLoginSucess" time="2.665"/>
  <system-out/>
</testsuite> <!-- HRMS.BaseTest -->
