<?xml version="1.0" encoding="UTF-8"?>
<!-- Generated by org.testng.reporters.JUnitReportReporter -->
<testsuite hostname="IT-TESTER" failures="0" tests="1" name="A1A.Ticketing" time="4.926" errors="0" timestamp="2023-10-24T10:04:23 ICT" skipped="0">
  <testcase classname="A1A.Ticketing" name="TicketingLogin" time="4.926"/>
  <system-out/>
</testsuite> <!-- A1A.Ticketing -->
