<?xml version="1.0" encoding="UTF-8"?>
<!-- Generated by org.testng.reporters.JUnitReportReporter -->
<testsuite hostname="IT-TESTER" failures="0" tests="3" name="Ticketing.TestRun" time="7.406" errors="0" timestamp="2023-11-01T10:24:12 ICT" skipped="0">
  <testcase classname="Ticketing.TestRun" name="login" time="0.662"/>
  <system-out/>
  <testcase classname="Ticketing.TestRun" name="Register" time="1.566"/>
  <system-out/>
  <testcase classname="Ticketing.TestRun" name="LogOut" time="5.178"/>
  <system-out/>
</testsuite> <!-- Ticketing.TestRun -->
