<?xml version="1.0" encoding="UTF-8"?>
<!-- Generated by org.testng.reporters.JUnitReportReporter -->
<testsuite hostname="IT-TESTER" failures="0" tests="1" name="HRMS.ListModuleTest" time="7.501" errors="0" timestamp="2024-04-03T12:54:15 ICT" skipped="0">
  <testcase classname="HRMS.ListModuleTest" name="verifyLoginSucess" time="7.501"/>
  <system-out/>
</testsuite> <!-- HRMS.ListModuleTest -->
