<?xml version="1.0" encoding="UTF-8"?>
<!-- Generated by org.testng.reporters.JUnitReportReporter -->
<testsuite hostname="IT-TESTER" failures="1" tests="19" name="Ticketing.TicketPageTest" time="61.043" errors="0" timestamp="2024-01-16T11:16:24 ICT" skipped="14">
  <testcase classname="Ticketing.TicketPageTest" name="TicketPageTestCanNotFinishTicketOfOtherAccount" time="4.630">
    <skipped/>
  </testcase> <!-- TicketPageTestCanNotFinishTicketOfOtherAccount -->
  <system-out/>
  <testcase classname="Ticketing.TicketPageTest" name="TicketPageTestSendTicketToApproval" time="7.500">
    <skipped/>
  </testcase> <!-- TicketPageTestSendTicketToApproval -->
  <system-out/>
  <testcase classname="Ticketing.TicketPageTest" name="TicketPageTestConfirmApproval" time="6.363">
    <skipped/>
  </testcase> <!-- TicketPageTestConfirmApproval -->
  <system-out/>
  <testcase classname="Ticketing.TicketPageTest" name="TicketPageTestFinishTicket" time="3.102">
    <skipped/>
  </testcase> <!-- TicketPageTestFinishTicket -->
  <system-out/>
  <testcase classname="Ticketing.TicketPageTest" name="TicketPageTestCreateTicketToReject" time="10.175"/>
  <system-out/>
  <testcase classname="Ticketing.TicketPageTest" name="TicketPageTestRejectTicket" time="5.665">
    <skipped/>
  </testcase> <!-- TicketPageTestRejectTicket -->
  <system-out/>
  <testcase classname="Ticketing.TicketPageTest" name="TicketPageTestApprovalTicket" time="4.030">
    <skipped/>
  </testcase> <!-- TicketPageTestApprovalTicket -->
  <system-out/>
  <testcase classname="Ticketing.TicketPageTest" name="TicketPageTestCreateTicketToReply" time="6.946">
    <skipped/>
  </testcase> <!-- TicketPageTestCreateTicketToReply -->
  <system-out/>
  <testcase classname="Ticketing.TicketPageTest" name="TicketPageTestCanNotCreateBlankTicket" time="1.167"/>
  <system-out/>
  <testcase classname="Ticketing.TicketPageTest" name="TicketPageTestReplyTicket" time="0.000">
    <skipped/>
  </testcase> <!-- TicketPageTestReplyTicket -->
  <system-out/>
  <testcase classname="Ticketing.TicketPageTest" name="TicketPageTestRejectTicket" time="1.808">
    <skipped/>
  </testcase> <!-- TicketPageTestRejectTicket -->
  <system-out/>
  <testcase classname="Ticketing.TicketPageTest" name="TicketPageTestCanNotFinishTicketWithoutRating" time="0.000">
    <skipped/>
  </testcase> <!-- TicketPageTestCanNotFinishTicketWithoutRating -->
  <system-out/>
  <testcase classname="Ticketing.TicketPageTest" name="TicketPageTestRejectTicket" time="1.912">
    <skipped/>
  </testcase> <!-- TicketPageTestRejectTicket -->
  <system-out/>
  <testcase classname="Ticketing.TicketPageTest" name="TicketPageTestReplyTicketByClickingNotification" time="0.000">
    <skipped/>
  </testcase> <!-- TicketPageTestReplyTicketByClickingNotification -->
  <system-out/>
  <testcase classname="Ticketing.TicketPageTest" name="TicketPageTestCanNotCreateBlankDescriptionTicket" time="2.617"/>
  <system-out/>
  <testcase classname="Ticketing.TicketPageTest" name="TicketPageTestConfirmFinishTicket" time="0.000">
    <skipped/>
  </testcase> <!-- TicketPageTestConfirmFinishTicket -->
  <system-out/>
  <testcase classname="Ticketing.TicketPageTest" name="TicketPageTestConfirmRejectTicket" time="0.000">
    <skipped/>
  </testcase> <!-- TicketPageTestConfirmRejectTicket -->
  <system-out/>
  <testcase classname="Ticketing.TicketPageTest" name="TicketPageTestRejectTicket" time="1.811">
    <failure message="expected:&lt;[16/01/2024 ]Waiting&gt; but was:&lt;[]Waiting&gt;" type="org.junit.ComparisonFailure">
      <![CDATA[org.junit.ComparisonFailure: expected:<[16/01/2024 ]Waiting> but was:<[]Waiting>
at org.junit.Assert.assertEquals(Assert.java:115)
at org.junit.Assert.assertEquals(Assert.java:144)
at Ticketing.TicketPageTest.TicketPageTestRejectTicket(TicketPageTest.java:110)
at java.base/jdk.internal.reflect.NativeMethodAccessorImpl.invoke0(Native Method)
at java.base/jdk.internal.reflect.NativeMethodAccessorImpl.invoke(NativeMethodAccessorImpl.java:77)
at java.base/jdk.internal.reflect.DelegatingMethodAccessorImpl.invoke(DelegatingMethodAccessorImpl.java:43)
at java.base/java.lang.reflect.Method.invoke(Method.java:568)
at org.testng.internal.MethodInvocationHelper.invokeMethod(MethodInvocationHelper.java:133)
at org.testng.internal.TestInvoker.invokeMethod(TestInvoker.java:598)
at org.testng.internal.TestInvoker.retryFailed(TestInvoker.java:213)
at org.testng.internal.MethodRunner.runInSequence(MethodRunner.java:58)
at org.testng.internal.TestInvoker$MethodInvocationAgent.invoke(TestInvoker.java:824)
at org.testng.internal.TestInvoker.invokeTestMethods(TestInvoker.java:146)
at org.testng.internal.TestMethodWorker.invokeTestMethods(TestMethodWorker.java:146)
at org.testng.internal.TestMethodWorker.run(TestMethodWorker.java:128)
at java.base/java.util.ArrayList.forEach(ArrayList.java:1511)
at org.testng.TestRunner.privateRun(TestRunner.java:794)
at org.testng.TestRunner.run(TestRunner.java:596)
at org.testng.SuiteRunner.runTest(SuiteRunner.java:377)
at org.testng.SuiteRunner.runSequentially(SuiteRunner.java:371)
at org.testng.SuiteRunner.privateRun(SuiteRunner.java:332)
at org.testng.SuiteRunner.run(SuiteRunner.java:276)
at org.testng.SuiteRunnerWorker.runSuite(SuiteRunnerWorker.java:53)
at org.testng.SuiteRunnerWorker.run(SuiteRunnerWorker.java:96)
at org.testng.TestNG.runSuitesSequentially(TestNG.java:1212)
at org.testng.TestNG.runSuitesLocally(TestNG.java:1134)
at org.testng.TestNG.runSuites(TestNG.java:1063)
at org.testng.TestNG.run(TestNG.java:1031)
at org.testng.remote.AbstractRemoteTestNG.run(AbstractRemoteTestNG.java:115)
at org.testng.remote.RemoteTestNG.initAndRun(RemoteTestNG.java:251)
at org.testng.remote.RemoteTestNG.main(RemoteTestNG.java:77)
]]>
    </failure>
  </testcase> <!-- TicketPageTestRejectTicket -->
  <system-out/>
  <testcase classname="Ticketing.TicketPageTest" name="TicketPageTestCanNotCreateBlankDepartmentTicket" time="3.317"/>
  <system-out/>
</testsuite> <!-- Ticketing.TicketPageTest -->
